<?xml version="1.0" encoding="UTF-8"?>
<!-- Generated by org.testng.reporters.JUnitReportReporter -->
<testsuite hostname="GODHEAVEN" failures="0" tests="1" name="driverFactory.AppTest" time="58.197" errors="0" timestamp="2024-09-16T18:08:14 IST" skipped="0">
  <testcase classname="driverFactory.AppTest" name="kickStart" time="58.197"/>
</testsuite> <!-- driverFactory.AppTest -->
